Determining if the pthread_create exist failed with the following output:
Change Dir: /home/ericbonn/Documents/uni/w16/cs488/a0/cs488/shared/glfw-3.1.1/build/CMakeFiles/CMakeTmp

Run Build Command:"/usr/bin/make" "cmTryCompileExec1224149380/fast"
/usr/bin/make -f CMakeFiles/cmTryCompileExec1224149380.dir/build.make CMakeFiles/cmTryCompileExec1224149380.dir/build
make[1]: Entering directory `/home/ericbonn/Documents/uni/w16/cs488/a0/cs488/shared/glfw-3.1.1/build/CMakeFiles/CMakeTmp'
/usr/bin/cmake -E cmake_progress_report /home/ericbonn/Documents/uni/w16/cs488/a0/cs488/shared/glfw-3.1.1/build/CMakeFiles/CMakeTmp/CMakeFiles 1
Building C object CMakeFiles/cmTryCompileExec1224149380.dir/CheckSymbolExists.c.o
/usr/bin/cc    -o CMakeFiles/cmTryCompileExec1224149380.dir/CheckSymbolExists.c.o   -c /home/ericbonn/Documents/uni/w16/cs488/a0/cs488/shared/glfw-3.1.1/build/CMakeFiles/CMakeTmp/CheckSymbolExists.c
Linking C executable cmTryCompileExec1224149380
/usr/bin/cmake -E cmake_link_script CMakeFiles/cmTryCompileExec1224149380.dir/link.txt --verbose=1
/usr/bin/cc       CMakeFiles/cmTryCompileExec1224149380.dir/CheckSymbolExists.c.o  -o cmTryCompileExec1224149380 -rdynamic 
CMakeFiles/cmTryCompileExec1224149380.dir/CheckSymbolExists.c.o: In function `main':
CheckSymbolExists.c:(.text+0x16): undefined reference to `pthread_create'
collect2: error: ld returned 1 exit status
make[1]: *** [cmTryCompileExec1224149380] Error 1
make[1]: Leaving directory `/home/ericbonn/Documents/uni/w16/cs488/a0/cs488/shared/glfw-3.1.1/build/CMakeFiles/CMakeTmp'
make: *** [cmTryCompileExec1224149380/fast] Error 2

File /home/ericbonn/Documents/uni/w16/cs488/a0/cs488/shared/glfw-3.1.1/build/CMakeFiles/CMakeTmp/CheckSymbolExists.c:
/* */
#include <pthread.h>

int main(int argc, char** argv)
{
  (void)argv;
#ifndef pthread_create
  return ((int*)(&pthread_create))[argc];
#else
  (void)argc;
  return 0;
#endif
}

Determining if the function pthread_create exists in the pthreads failed with the following output:
Change Dir: /home/ericbonn/Documents/uni/w16/cs488/a0/cs488/shared/glfw-3.1.1/build/CMakeFiles/CMakeTmp

Run Build Command:"/usr/bin/make" "cmTryCompileExec799376418/fast"
/usr/bin/make -f CMakeFiles/cmTryCompileExec799376418.dir/build.make CMakeFiles/cmTryCompileExec799376418.dir/build
make[1]: Entering directory `/home/ericbonn/Documents/uni/w16/cs488/a0/cs488/shared/glfw-3.1.1/build/CMakeFiles/CMakeTmp'
/usr/bin/cmake -E cmake_progress_report /home/ericbonn/Documents/uni/w16/cs488/a0/cs488/shared/glfw-3.1.1/build/CMakeFiles/CMakeTmp/CMakeFiles 1
Building C object CMakeFiles/cmTryCompileExec799376418.dir/CheckFunctionExists.c.o
/usr/bin/cc   -DCHECK_FUNCTION_EXISTS=pthread_create   -o CMakeFiles/cmTryCompileExec799376418.dir/CheckFunctionExists.c.o   -c /usr/share/cmake-3.2/Modules/CheckFunctionExists.c
Linking C executable cmTryCompileExec799376418
/usr/bin/cmake -E cmake_link_script CMakeFiles/cmTryCompileExec799376418.dir/link.txt --verbose=1
/usr/bin/cc   -DCHECK_FUNCTION_EXISTS=pthread_create    CMakeFiles/cmTryCompileExec799376418.dir/CheckFunctionExists.c.o  -o cmTryCompileExec799376418 -rdynamic -lpthreads 
/usr/bin/ld: cannot find -lpthreads
collect2: error: ld returned 1 exit status
make[1]: *** [cmTryCompileExec799376418] Error 1
make[1]: Leaving directory `/home/ericbonn/Documents/uni/w16/cs488/a0/cs488/shared/glfw-3.1.1/build/CMakeFiles/CMakeTmp'
make: *** [cmTryCompileExec799376418/fast] Error 2


Determining if the function glXGetProcAddressEXT exists failed with the following output:
Change Dir: /home/ericbonn/Documents/uni/w16/cs488/a0/cs488/shared/glfw-3.1.1/build/CMakeFiles/CMakeTmp

Run Build Command:"/usr/bin/make" "cmTryCompileExec4236206001/fast"
/usr/bin/make -f CMakeFiles/cmTryCompileExec4236206001.dir/build.make CMakeFiles/cmTryCompileExec4236206001.dir/build
make[1]: Entering directory `/home/ericbonn/Documents/uni/w16/cs488/a0/cs488/shared/glfw-3.1.1/build/CMakeFiles/CMakeTmp'
/usr/bin/cmake -E cmake_progress_report /home/ericbonn/Documents/uni/w16/cs488/a0/cs488/shared/glfw-3.1.1/build/CMakeFiles/CMakeTmp/CMakeFiles 1
Building C object CMakeFiles/cmTryCompileExec4236206001.dir/CheckFunctionExists.c.o
/usr/bin/cc   -DCHECK_FUNCTION_EXISTS=glXGetProcAddressEXT   -o CMakeFiles/cmTryCompileExec4236206001.dir/CheckFunctionExists.c.o   -c /usr/share/cmake-3.2/Modules/CheckFunctionExists.c
Linking C executable cmTryCompileExec4236206001
/usr/bin/cmake -E cmake_link_script CMakeFiles/cmTryCompileExec4236206001.dir/link.txt --verbose=1
/usr/bin/cc   -DCHECK_FUNCTION_EXISTS=glXGetProcAddressEXT    CMakeFiles/cmTryCompileExec4236206001.dir/CheckFunctionExists.c.o  -o cmTryCompileExec4236206001 -rdynamic -lGL 
CMakeFiles/cmTryCompileExec4236206001.dir/CheckFunctionExists.c.o: In function `main':
CheckFunctionExists.c:(.text+0x15): undefined reference to `glXGetProcAddressEXT'
collect2: error: ld returned 1 exit status
make[1]: *** [cmTryCompileExec4236206001] Error 1
make[1]: Leaving directory `/home/ericbonn/Documents/uni/w16/cs488/a0/cs488/shared/glfw-3.1.1/build/CMakeFiles/CMakeTmp'
make: *** [cmTryCompileExec4236206001/fast] Error 2


